Symlinking /home/eddye/yolobot/devel/share/common-lisp/ros/yolov8_msgs/msg/_package_InferenceResult.lisp
Symlinking /home/eddye/yolobot/devel/share/common-lisp/ros/yolov8_msgs/msg/_package_ConfidenceScore.lisp
Symlinking /home/eddye/yolobot/devel/share/common-lisp/ros/yolov8_msgs/msg/InferenceResult.lisp
Symlinking /home/eddye/yolobot/devel/share/common-lisp/ros/yolov8_msgs/msg/_package_CustomMsg.lisp
Symlinking /home/eddye/yolobot/devel/share/common-lisp/ros/yolov8_msgs/msg/DepthResult.lisp
Symlinking /home/eddye/yolobot/devel/share/common-lisp/ros/yolov8_msgs/msg/PlotCoordinates.lisp
Symlinking /home/eddye/yolobot/devel/share/common-lisp/ros/yolov8_msgs/msg/CustomMsg.lisp
Symlinking /home/eddye/yolobot/devel/share/common-lisp/ros/yolov8_msgs/msg/_package_DepthResult.lisp
Symlinking /home/eddye/yolobot/devel/share/common-lisp/ros/yolov8_msgs/msg/_package_PlotCoordinates.lisp
Symlinking /home/eddye/yolobot/devel/share/common-lisp/ros/yolov8_msgs/msg/ConfidenceScore.lisp
Symlinking /home/eddye/yolobot/devel/share/common-lisp/ros/yolov8_msgs/msg/_package_Yolov8Inference.lisp
Symlinking /home/eddye/yolobot/devel/share/common-lisp/ros/yolov8_msgs/msg/yolov8_msgs-msg.asd
Symlinking /home/eddye/yolobot/devel/share/common-lisp/ros/yolov8_msgs/msg/_package.lisp
Symlinking /home/eddye/yolobot/devel/share/common-lisp/ros/yolov8_msgs/msg/Yolov8Inference.lisp
Symlinking /home/eddye/yolobot/devel/share/gennodejs/ros/yolov8_msgs/_index.js
Symlinking /home/eddye/yolobot/devel/share/gennodejs/ros/yolov8_msgs/msg/ConfidenceScore.js
Symlinking /home/eddye/yolobot/devel/share/gennodejs/ros/yolov8_msgs/msg/DepthResult.js
Symlinking /home/eddye/yolobot/devel/share/gennodejs/ros/yolov8_msgs/msg/CustomMsg.js
Symlinking /home/eddye/yolobot/devel/share/gennodejs/ros/yolov8_msgs/msg/InferenceResult.js
Symlinking /home/eddye/yolobot/devel/share/gennodejs/ros/yolov8_msgs/msg/_index.js
Symlinking /home/eddye/yolobot/devel/share/gennodejs/ros/yolov8_msgs/msg/PlotCoordinates.js
Symlinking /home/eddye/yolobot/devel/share/gennodejs/ros/yolov8_msgs/msg/Yolov8Inference.js
Symlinking /home/eddye/yolobot/devel/share/roseus/ros/yolov8_msgs/manifest.l
Symlinking /home/eddye/yolobot/devel/share/roseus/ros/yolov8_msgs/msg/CustomMsg.l
Symlinking /home/eddye/yolobot/devel/share/roseus/ros/yolov8_msgs/msg/InferenceResult.l
Symlinking /home/eddye/yolobot/devel/share/roseus/ros/yolov8_msgs/msg/DepthResult.l
Symlinking /home/eddye/yolobot/devel/share/roseus/ros/yolov8_msgs/msg/ConfidenceScore.l
Symlinking /home/eddye/yolobot/devel/share/roseus/ros/yolov8_msgs/msg/Yolov8Inference.l
Symlinking /home/eddye/yolobot/devel/share/roseus/ros/yolov8_msgs/msg/PlotCoordinates.l
Symlinking /home/eddye/yolobot/devel/share/yolov8_msgs/cmake/yolov8_msgsConfig.cmake
Symlinking /home/eddye/yolobot/devel/share/yolov8_msgs/cmake/yolov8_msgsConfig-version.cmake
Symlinking /home/eddye/yolobot/devel/share/yolov8_msgs/cmake/yolov8_msgs-msg-paths.cmake
Symlinking /home/eddye/yolobot/devel/share/yolov8_msgs/cmake/yolov8_msgs-msg-extras.cmake
Symlinking /home/eddye/yolobot/devel/include/yolov8_msgs/Yolov8Inference.h
Symlinking /home/eddye/yolobot/devel/include/yolov8_msgs/ConfidenceScore.h
Symlinking /home/eddye/yolobot/devel/include/yolov8_msgs/DepthResult.h
Symlinking /home/eddye/yolobot/devel/include/yolov8_msgs/InferenceResult.h
Symlinking /home/eddye/yolobot/devel/include/yolov8_msgs/PlotCoordinates.h
Symlinking /home/eddye/yolobot/devel/include/yolov8_msgs/CustomMsg.h
Symlinking /home/eddye/yolobot/devel/lib/python3/dist-packages/yolov8_msgs/__init__.py
Symlinking /home/eddye/yolobot/devel/lib/python3/dist-packages/yolov8_msgs/msg/_InferenceResult.py
Symlinking /home/eddye/yolobot/devel/lib/python3/dist-packages/yolov8_msgs/msg/_CustomMsg.py
Symlinking /home/eddye/yolobot/devel/lib/python3/dist-packages/yolov8_msgs/msg/__init__.py
Symlinking /home/eddye/yolobot/devel/lib/python3/dist-packages/yolov8_msgs/msg/_DepthResult.py
Symlinking /home/eddye/yolobot/devel/lib/python3/dist-packages/yolov8_msgs/msg/_Yolov8Inference.py
Symlinking /home/eddye/yolobot/devel/lib/python3/dist-packages/yolov8_msgs/msg/_PlotCoordinates.py
Symlinking /home/eddye/yolobot/devel/lib/python3/dist-packages/yolov8_msgs/msg/_ConfidenceScore.py
Symlinking /home/eddye/yolobot/devel/lib/pkgconfig/yolov8_msgs.pc
